Save repository element : pentaho : Creation of initial version
Save database : Modification by user
Save repository element : pentaho : Modification by user
Save database : Modification by user
Save repository element : pentaho : Modification by user
Save database : Modification by user
Save repository element : pentaho : Modification by user
Save database : Modification by user
Save repository element : ODK MySQL : Modification by user
Save database : Modification by user
Save repository element : Smita ODK MySQL : Modification by user
Save database : Modification by user
Save repository element : Smita ODK MySQL : Modification by user
Save repository element : Mirror ODk prod : Creation of initial version
Save database : Modification by user
Save repository element : Smita ODK MySQL : Modification by user
Save database : Modification by user
Save repository element : Smita ODK MySQL : Modification by user
Creating slave server [cims-bioko]
Save repository element : cims-bioko : Creation of initial version
